
*** Running vivado
    with args -log l5_top.vds -m64 -product Vivado -mode batch -messageDb vivado.pb -notrace -source l5_top.tcl



****** Vivado v2022.1 (64-bit)
  **** SW Build 3526262 on Mon Apr 18 15:48:16 MDT 2022
  **** IP Build 3524634 on Mon Apr 18 20:55:01 MDT 2022
    ** Copyright 1986-2022 Xilinx, Inc. All Rights Reserved.

source l5_top.tcl -notrace
Command: read_checkpoint -auto_incremental -incremental C:/Users/brian/Documents/SchoolPapers/Repositories/CPE133Labs/lab5REAL-vendingMachine/lab5REAL-vendingMachine.srcs/utils_1/imports/synth_1/l5_top.dcp
INFO: [Vivado 12-5825] Read reference checkpoint from C:/Users/brian/Documents/SchoolPapers/Repositories/CPE133Labs/lab5REAL-vendingMachine/lab5REAL-vendingMachine.srcs/utils_1/imports/synth_1/l5_top.dcp for incremental synthesis
INFO: [Vivado 12-7989] Please ensure there are no constraint changes
Command: synth_design -top l5_top -part xc7a35tcpg236-1
Starting synth_design
Attempting to get a license for feature 'Synthesis' and/or device 'xc7a35t'
INFO: [Common 17-349] Got license for feature 'Synthesis' and/or device 'xc7a35t'
INFO: [Device 21-403] Loading part xc7a35tcpg236-1
INFO: [Designutils 20-5440] No compile time benefit to using incremental synthesis; A full resynthesis will be run
INFO: [Designutils 20-4379] Flow is switching to default flow due to incremental criteria not met. If you would like to alter this behaviour and have the flow terminate instead, please set the following parameter config_implementation {autoIncr.Synth.RejectBehavior Terminate}
INFO: [Synth 8-7079] Multithreading enabled for synth_design using a maximum of 2 processes.
INFO: [Synth 8-7078] Launching helper process for spawning children vivado processes
INFO: [Synth 8-7075] Helper process launched with PID 21168
