
*** Running vivado
    with args -log proj_top.vds -m64 -product Vivado -mode batch -messageDb vivado.pb -notrace -source proj_top.tcl



****** Vivado v2022.1 (64-bit)
  **** SW Build 3526262 on Mon Apr 18 15:48:16 MDT 2022
  **** IP Build 3524634 on Mon Apr 18 20:55:01 MDT 2022
    ** Copyright 1986-2022 Xilinx, Inc. All Rights Reserved.

source proj_top.tcl -notrace
Command: read_checkpoint -auto_incremental -incremental C:/Users/brian/Documents/SchoolPapers/Repositories/CPE133Labs/final_project/final_project.srcs/utils_1/imports/synth_1/add_sub_struct.dcp
INFO: [Vivado 12-5825] Read reference checkpoint from C:/Users/brian/Documents/SchoolPapers/Repositories/CPE133Labs/final_project/final_project.srcs/utils_1/imports/synth_1/add_sub_struct.dcp for incremental synthesis
INFO: [Vivado 12-7989] Please ensure there are no constraint changes
Command: synth_design -top proj_top -part xc7a35tcpg236-1
Starting synth_design
Attempting to get a license for feature 'Synthesis' and/or device 'xc7a35t'
INFO: [Common 17-349] Got license for feature 'Synthesis' and/or device 'xc7a35t'
INFO: [Device 21-403] Loading part xc7a35tcpg236-1
INFO: [Designutils 20-5440] No compile time benefit to using incremental synthesis; A full resynthesis will be run
INFO: [Designutils 20-4379] Flow is switching to default flow due to incremental criteria not met. If you would like to alter this behaviour and have the flow terminate instead, please set the following parameter config_implementation {autoIncr.Synth.RejectBehavior Terminate}
INFO: [Synth 8-7079] Multithreading enabled for synth_design using a maximum of 2 processes.
INFO: [Synth 8-7078] Launching helper process for spawning children vivado processes
INFO: [Synth 8-7075] Helper process launched with PID 440
WARNING: [Synth 8-981] event control in always_comb/always_latch is not allowed [C:/Users/brian/Documents/SchoolPapers/Repositories/CPE133Labs/final_project/final_project.srcs/sources_1/new/segment_control.sv:59]
---------------------------------------------------------------------------------
Starting RTL Elaboration : Time (s): cpu = 00:00:05 ; elapsed = 00:00:06 . Memory (MB): peak = 1278.613 ; gain = 0.000
---------------------------------------------------------------------------------
INFO: [Synth 8-6157] synthesizing module 'proj_top' [C:/Users/brian/Documents/SchoolPapers/Repositories/CPE133Labs/final_project/final_project.srcs/sources_1/new/proj_top.sv:6]
INFO: [Synth 8-6157] synthesizing module 'DEBOUNCE_RET' [C:/Users/brian/Documents/SchoolPapers/Repositories/CPE133Labs/final_project/final_project.srcs/sources_1/new/debounce_ret.sv:19]
INFO: [Synth 8-6155] done synthesizing module 'DEBOUNCE_RET' (0#1) [C:/Users/brian/Documents/SchoolPapers/Repositories/CPE133Labs/final_project/final_project.srcs/sources_1/new/debounce_ret.sv:19]
INFO: [Synth 8-6157] synthesizing module 'FSM' [C:/Users/brian/Documents/SchoolPapers/Repositories/CPE133Labs/final_project/final_project.srcs/sources_1/new/FSM.sv:7]
INFO: [Synth 8-6155] done synthesizing module 'FSM' (0#1) [C:/Users/brian/Documents/SchoolPapers/Repositories/CPE133Labs/final_project/final_project.srcs/sources_1/new/FSM.sv:7]
INFO: [Synth 8-6157] synthesizing module 'register_8bit' [C:/Users/brian/Documents/SchoolPapers/Repositories/CPE133Labs/final_project/final_project.srcs/sources_1/new/register_8bit.sv:7]
INFO: [Synth 8-6155] done synthesizing module 'register_8bit' (0#1) [C:/Users/brian/Documents/SchoolPapers/Repositories/CPE133Labs/final_project/final_project.srcs/sources_1/new/register_8bit.sv:7]
INFO: [Synth 8-6157] synthesizing module 'An8bitCalculatorModule' [C:/Users/brian/Documents/SchoolPapers/Repositories/CPE133Labs/final_project/final_project.srcs/sources_1/new/8-bitCalculatorModule.sv:7]
INFO: [Synth 8-6157] synthesizing module 'add_sub_struct' [C:/Users/brian/Documents/SchoolPapers/Repositories/CPE133Labs/final_project/final_project.srcs/sources_1/new/add_sub_struct.sv:7]
INFO: [Synth 8-6157] synthesizing module 'Mux8bit2sel' [C:/Users/brian/Documents/SchoolPapers/Repositories/CPE133Labs/final_project/final_project.srcs/sources_1/new/Mux8bit2sel.sv:7]
INFO: [Synth 8-6155] done synthesizing module 'Mux8bit2sel' (0#1) [C:/Users/brian/Documents/SchoolPapers/Repositories/CPE133Labs/final_project/final_project.srcs/sources_1/new/Mux8bit2sel.sv:7]
WARNING: [Synth 8-689] width (9) of port connection 'out' does not match port width (8) of module 'Mux8bit2sel' [C:/Users/brian/Documents/SchoolPapers/Repositories/CPE133Labs/final_project/final_project.srcs/sources_1/new/add_sub_struct.sv:35]
INFO: [Synth 8-6157] synthesizing module 'Adder9bit' [C:/Users/brian/Documents/SchoolPapers/Repositories/CPE133Labs/final_project/final_project.srcs/sources_1/new/Adder9bit.sv:7]
INFO: [Synth 8-6157] synthesizing module 'Full_Adder' [C:/Users/brian/Documents/SchoolPapers/Repositories/CPE133Labs/final_project/final_project.srcs/sources_1/new/full_adder.sv:7]
INFO: [Synth 8-6157] synthesizing module 'half_adder' [C:/Users/brian/Documents/SchoolPapers/Repositories/CPE133Labs/final_project/final_project.srcs/sources_1/new/half_adder.sv:7]
INFO: [Synth 8-6155] done synthesizing module 'half_adder' (0#1) [C:/Users/brian/Documents/SchoolPapers/Repositories/CPE133Labs/final_project/final_project.srcs/sources_1/new/half_adder.sv:7]
INFO: [Synth 8-6155] done synthesizing module 'Full_Adder' (0#1) [C:/Users/brian/Documents/SchoolPapers/Repositories/CPE133Labs/final_project/final_project.srcs/sources_1/new/full_adder.sv:7]
INFO: [Synth 8-6155] done synthesizing module 'Adder9bit' (0#1) [C:/Users/brian/Documents/SchoolPapers/Repositories/CPE133Labs/final_project/final_project.srcs/sources_1/new/Adder9bit.sv:7]
WARNING: [Synth 8-689] width (8) of port connection 'S' does not match port width (9) of module 'Adder9bit' [C:/Users/brian/Documents/SchoolPapers/Repositories/CPE133Labs/final_project/final_project.srcs/sources_1/new/add_sub_struct.sv:62]
INFO: [Synth 8-6155] done synthesizing module 'add_sub_struct' (0#1) [C:/Users/brian/Documents/SchoolPapers/Repositories/CPE133Labs/final_project/final_project.srcs/sources_1/new/add_sub_struct.sv:7]
INFO: [Synth 8-6157] synthesizing module 'limit_val' [C:/Users/brian/Documents/SchoolPapers/Repositories/CPE133Labs/final_project/final_project.srcs/sources_1/new/limit_val.sv:7]
INFO: [Synth 8-6155] done synthesizing module 'limit_val' (0#1) [C:/Users/brian/Documents/SchoolPapers/Repositories/CPE133Labs/final_project/final_project.srcs/sources_1/new/limit_val.sv:7]
INFO: [Synth 8-6155] done synthesizing module 'An8bitCalculatorModule' (0#1) [C:/Users/brian/Documents/SchoolPapers/Repositories/CPE133Labs/final_project/final_project.srcs/sources_1/new/8-bitCalculatorModule.sv:7]
INFO: [Synth 8-6157] synthesizing module 'segment_control' [C:/Users/brian/Documents/SchoolPapers/Repositories/CPE133Labs/final_project/final_project.srcs/sources_1/new/segment_control.sv:7]
INFO: [Synth 8-6157] synthesizing module 'BCD' [C:/Users/brian/Documents/SchoolPapers/Repositories/CPE133Labs/final_project/final_project.srcs/sources_1/new/BCD.sv:9]
INFO: [Synth 8-6155] done synthesizing module 'BCD' (0#1) [C:/Users/brian/Documents/SchoolPapers/Repositories/CPE133Labs/final_project/final_project.srcs/sources_1/new/BCD.sv:9]
INFO: [Synth 8-6157] synthesizing module 'Mux4bit4sel' [C:/Users/brian/Documents/SchoolPapers/Repositories/CPE133Labs/final_project/final_project.srcs/sources_1/new/Mux4bit4sel.sv:7]
INFO: [Synth 8-6155] done synthesizing module 'Mux4bit4sel' (0#1) [C:/Users/brian/Documents/SchoolPapers/Repositories/CPE133Labs/final_project/final_project.srcs/sources_1/new/Mux4bit4sel.sv:7]
WARNING: [Synth 8-689] width (5) of port connection 'A' does not match port width (4) of module 'Mux4bit4sel' [C:/Users/brian/Documents/SchoolPapers/Repositories/CPE133Labs/final_project/final_project.srcs/sources_1/new/segment_control.sv:44]
WARNING: [Synth 8-689] width (5) of port connection 'B' does not match port width (4) of module 'Mux4bit4sel' [C:/Users/brian/Documents/SchoolPapers/Repositories/CPE133Labs/final_project/final_project.srcs/sources_1/new/segment_control.sv:45]
WARNING: [Synth 8-689] width (5) of port connection 'C' does not match port width (4) of module 'Mux4bit4sel' [C:/Users/brian/Documents/SchoolPapers/Repositories/CPE133Labs/final_project/final_project.srcs/sources_1/new/segment_control.sv:46]
WARNING: [Synth 8-689] width (5) of port connection 'D' does not match port width (4) of module 'Mux4bit4sel' [C:/Users/brian/Documents/SchoolPapers/Repositories/CPE133Labs/final_project/final_project.srcs/sources_1/new/segment_control.sv:47]
INFO: [Synth 8-6157] synthesizing module 'A7seg_decoder' [C:/Users/brian/Documents/SchoolPapers/Repositories/CPE133Labs/final_project/final_project.srcs/sources_1/new/7seg_decoder.sv:7]
INFO: [Synth 8-6155] done synthesizing module 'A7seg_decoder' (0#1) [C:/Users/brian/Documents/SchoolPapers/Repositories/CPE133Labs/final_project/final_project.srcs/sources_1/new/7seg_decoder.sv:7]
INFO: [Synth 8-6155] done synthesizing module 'segment_control' (0#1) [C:/Users/brian/Documents/SchoolPapers/Repositories/CPE133Labs/final_project/final_project.srcs/sources_1/new/segment_control.sv:7]
INFO: [Synth 8-6155] done synthesizing module 'proj_top' (0#1) [C:/Users/brian/Documents/SchoolPapers/Repositories/CPE133Labs/final_project/final_project.srcs/sources_1/new/proj_top.sv:6]
WARNING: [Synth 8-3848] Net neg in module/entity An8bitCalculatorModule does not have driver. [C:/Users/brian/Documents/SchoolPapers/Repositories/CPE133Labs/final_project/final_project.srcs/sources_1/new/8-bitCalculatorModule.sv:12]
WARNING: [Synth 8-7129] Port S[8] in module limit_val is either unconnected or has no load
WARNING: [Synth 8-7129] Port neg in module limit_val is either unconnected or has no load
WARNING: [Synth 8-7129] Port neg in module An8bitCalculatorModule is either unconnected or has no load
---------------------------------------------------------------------------------
Finished RTL Elaboration : Time (s): cpu = 00:00:07 ; elapsed = 00:00:07 . Memory (MB): peak = 1278.613 ; gain = 0.000
---------------------------------------------------------------------------------
---------------------------------------------------------------------------------
Start Handling Custom Attributes
---------------------------------------------------------------------------------
---------------------------------------------------------------------------------
Finished Handling Custom Attributes : Time (s): cpu = 00:00:07 ; elapsed = 00:00:07 . Memory (MB): peak = 1278.613 ; gain = 0.000
---------------------------------------------------------------------------------
---------------------------------------------------------------------------------
Finished RTL Optimization Phase 1 : Time (s): cpu = 00:00:07 ; elapsed = 00:00:07 . Memory (MB): peak = 1278.613 ; gain = 0.000
---------------------------------------------------------------------------------
Netlist sorting complete. Time (s): cpu = 00:00:00 ; elapsed = 00:00:00.005 . Memory (MB): peak = 1278.613 ; gain = 0.000
INFO: [Project 1-570] Preparing netlist for logic optimization

Processing XDC Constraints
Initializing timing engine
Parsing XDC File [C:/Users/brian/Documents/SchoolPapers/Repositories/CPE133Labs/final_project/final_project.srcs/constrs_1/imports/lab5 - V2/Basys3_constraints_w_clk_btn.xdc]
Finished Parsing XDC File [C:/Users/brian/Documents/SchoolPapers/Repositories/CPE133Labs/final_project/final_project.srcs/constrs_1/imports/lab5 - V2/Basys3_constraints_w_clk_btn.xdc]
INFO: [Project 1-236] Implementation specific constraints were found while reading constraint file [C:/Users/brian/Documents/SchoolPapers/Repositories/CPE133Labs/final_project/final_project.srcs/constrs_1/imports/lab5 - V2/Basys3_constraints_w_clk_btn.xdc]. These constraints will be ignored for synthesis but will be used in implementation. Impacted constraints are listed in the file [.Xil/proj_top_propImpl.xdc].
Resolution: To avoid this warning, move constraints listed in [.Xil/proj_top_propImpl.xdc] to another XDC file and exclude this new file from synthesis with the used_in_synthesis property (File Properties dialog in GUI) and re-run elaboration/synthesis.
Completed Processing XDC Constraints

Netlist sorting complete. Time (s): cpu = 00:00:00 ; elapsed = 00:00:00.001 . Memory (MB): peak = 1305.383 ; gain = 0.000
INFO: [Project 1-111] Unisim Transformation Summary:
No Unisim elements were transformed.

Constraint Validation Runtime : Time (s): cpu = 00:00:00 ; elapsed = 00:00:00.006 . Memory (MB): peak = 1305.383 ; gain = 0.000
INFO: [Designutils 20-5440] No compile time benefit to using incremental synthesis; A full resynthesis will be run
INFO: [Designutils 20-4379] Flow is switching to default flow due to incremental criteria not met. If you would like to alter this behaviour and have the flow terminate instead, please set the following parameter config_implementation {autoIncr.Synth.RejectBehavior Terminate}
---------------------------------------------------------------------------------
Finished Constraint Validation : Time (s): cpu = 00:00:13 ; elapsed = 00:00:14 . Memory (MB): peak = 1305.383 ; gain = 26.770
---------------------------------------------------------------------------------
---------------------------------------------------------------------------------
Start Loading Part and Timing Information
---------------------------------------------------------------------------------
Loading part: xc7a35tcpg236-1
---------------------------------------------------------------------------------
Finished Loading Part and Timing Information : Time (s): cpu = 00:00:13 ; elapsed = 00:00:14 . Memory (MB): peak = 1305.383 ; gain = 26.770
---------------------------------------------------------------------------------
---------------------------------------------------------------------------------
Start Applying 'set_property' XDC Constraints
---------------------------------------------------------------------------------
---------------------------------------------------------------------------------
Finished applying 'set_property' XDC Constraints : Time (s): cpu = 00:00:13 ; elapsed = 00:00:14 . Memory (MB): peak = 1305.383 ; gain = 26.770
---------------------------------------------------------------------------------
---------------------------------------------------------------------------------
Finished RTL Optimization Phase 2 : Time (s): cpu = 00:00:14 ; elapsed = 00:00:15 . Memory (MB): peak = 1305.383 ; gain = 26.770
---------------------------------------------------------------------------------
---------------------------------------------------------------------------------
Start RTL Component Statistics 
---------------------------------------------------------------------------------
Detailed RTL Component Info : 
+---Adders : 
	   2 Input    4 Bit       Adders := 1     
	   2 Input    3 Bit       Adders := 1     
	   2 Input    2 Bit       Adders := 1     
+---XORs : 
	   2 Input      1 Bit         XORs := 18    
+---Registers : 
	                8 Bit    Registers := 7     
	                5 Bit    Registers := 5     
	                4 Bit    Registers := 2     
	                3 Bit    Registers := 2     
	                2 Bit    Registers := 1     
	                1 Bit    Registers := 8     
+---Muxes : 
	   7 Input    8 Bit        Muxes := 1     
	   2 Input    8 Bit        Muxes := 2     
	   4 Input    5 Bit        Muxes := 3     
	   3 Input    5 Bit        Muxes := 1     
	   2 Input    4 Bit        Muxes := 2     
	   4 Input    4 Bit        Muxes := 2     
	   2 Input    3 Bit        Muxes := 1     
	   7 Input    3 Bit        Muxes := 1     
	   2 Input    1 Bit        Muxes := 13    
	   5 Input    1 Bit        Muxes := 3     
	   3 Input    1 Bit        Muxes := 6     
	   7 Input    1 Bit        Muxes := 1     
	   6 Input    1 Bit        Muxes := 1     
	   4 Input    1 Bit        Muxes := 1     
---------------------------------------------------------------------------------
Finished RTL Component Statistics 
---------------------------------------------------------------------------------
---------------------------------------------------------------------------------
Start Part Resource Summary
---------------------------------------------------------------------------------
Part Resources:
DSPs: 90 (col length:60)
BRAMs: 100 (col length: RAMB18 60 RAMB36 30)
---------------------------------------------------------------------------------
Finished Part Resource Summary
---------------------------------------------------------------------------------
---------------------------------------------------------------------------------
Start Cross Boundary and Area Optimization
---------------------------------------------------------------------------------
WARNING: [Synth 8-7080] Parallel synthesis criteria is not met
WARNING: [Synth 8-3917] design proj_top has port dp driven by constant 1
---------------------------------------------------------------------------------
Finished Cross Boundary and Area Optimization : Time (s): cpu = 00:00:17 ; elapsed = 00:00:18 . Memory (MB): peak = 1305.383 ; gain = 26.770
---------------------------------------------------------------------------------
---------------------------------------------------------------------------------
Start Applying XDC Timing Constraints
---------------------------------------------------------------------------------
---------------------------------------------------------------------------------
Finished Applying XDC Timing Constraints : Time (s): cpu = 00:00:23 ; elapsed = 00:00:23 . Memory (MB): peak = 1305.383 ; gain = 26.770
---------------------------------------------------------------------------------
---------------------------------------------------------------------------------
Start Timing Optimization
---------------------------------------------------------------------------------
---------------------------------------------------------------------------------
Finished Timing Optimization : Time (s): cpu = 00:00:23 ; elapsed = 00:00:24 . Memory (MB): peak = 1305.383 ; gain = 26.770
---------------------------------------------------------------------------------
---------------------------------------------------------------------------------
Start Technology Mapping
---------------------------------------------------------------------------------
---------------------------------------------------------------------------------
Finished Technology Mapping : Time (s): cpu = 00:00:23 ; elapsed = 00:00:24 . Memory (MB): peak = 1305.383 ; gain = 26.770
---------------------------------------------------------------------------------
---------------------------------------------------------------------------------
Start IO Insertion
---------------------------------------------------------------------------------
---------------------------------------------------------------------------------
Start Flattening Before IO Insertion
---------------------------------------------------------------------------------
---------------------------------------------------------------------------------
Finished Flattening Before IO Insertion
---------------------------------------------------------------------------------
---------------------------------------------------------------------------------
Start Final Netlist Cleanup
---------------------------------------------------------------------------------
---------------------------------------------------------------------------------
Finished Final Netlist Cleanup
---------------------------------------------------------------------------------
---------------------------------------------------------------------------------
Finished IO Insertion : Time (s): cpu = 00:00:27 ; elapsed = 00:00:28 . Memory (MB): peak = 1305.383 ; gain = 26.770
---------------------------------------------------------------------------------
---------------------------------------------------------------------------------
Start Renaming Generated Instances
---------------------------------------------------------------------------------
---------------------------------------------------------------------------------
Finished Renaming Generated Instances : Time (s): cpu = 00:00:27 ; elapsed = 00:00:28 . Memory (MB): peak = 1305.383 ; gain = 26.770
---------------------------------------------------------------------------------
---------------------------------------------------------------------------------
Start Rebuilding User Hierarchy
---------------------------------------------------------------------------------
---------------------------------------------------------------------------------
Finished Rebuilding User Hierarchy : Time (s): cpu = 00:00:27 ; elapsed = 00:00:28 . Memory (MB): peak = 1305.383 ; gain = 26.770
---------------------------------------------------------------------------------
---------------------------------------------------------------------------------
Start Renaming Generated Ports
---------------------------------------------------------------------------------
---------------------------------------------------------------------------------
Finished Renaming Generated Ports : Time (s): cpu = 00:00:27 ; elapsed = 00:00:28 . Memory (MB): peak = 1305.383 ; gain = 26.770
---------------------------------------------------------------------------------
---------------------------------------------------------------------------------
Start Handling Custom Attributes
---------------------------------------------------------------------------------
---------------------------------------------------------------------------------
Finished Handling Custom Attributes : Time (s): cpu = 00:00:27 ; elapsed = 00:00:28 . Memory (MB): peak = 1305.383 ; gain = 26.770
---------------------------------------------------------------------------------
---------------------------------------------------------------------------------
Start Renaming Generated Nets
---------------------------------------------------------------------------------
---------------------------------------------------------------------------------
Finished Renaming Generated Nets : Time (s): cpu = 00:00:27 ; elapsed = 00:00:28 . Memory (MB): peak = 1305.383 ; gain = 26.770
---------------------------------------------------------------------------------
---------------------------------------------------------------------------------
Start Writing Synthesis Report
---------------------------------------------------------------------------------

Report BlackBoxes: 
+-+--------------+----------+
| |BlackBox name |Instances |
+-+--------------+----------+
+-+--------------+----------+

Report Cell Usage: 
+------+-------+------+
|      |Cell   |Count |
+------+-------+------+
|1     |BUFG   |     1|
|2     |CARRY4 |    17|
|3     |LUT1   |     2|
|4     |LUT2   |    15|
|5     |LUT3   |     9|
|6     |LUT4   |    23|
|7     |LUT5   |    67|
|8     |LUT6   |    30|
|9     |MUXF7  |     2|
|10    |FDRE   |   169|
|11    |IBUF   |     9|
|12    |OBUF   |    21|
+------+-------+------+
---------------------------------------------------------------------------------
Finished Writing Synthesis Report : Time (s): cpu = 00:00:27 ; elapsed = 00:00:28 . Memory (MB): peak = 1305.383 ; gain = 26.770
---------------------------------------------------------------------------------
Synthesis finished with 0 errors, 0 critical warnings and 2 warnings.
Synthesis Optimization Runtime : Time (s): cpu = 00:00:18 ; elapsed = 00:00:26 . Memory (MB): peak = 1305.383 ; gain = 0.000
Synthesis Optimization Complete : Time (s): cpu = 00:00:27 ; elapsed = 00:00:28 . Memory (MB): peak = 1305.383 ; gain = 26.770
INFO: [Project 1-571] Translating synthesized netlist
Netlist sorting complete. Time (s): cpu = 00:00:00 ; elapsed = 00:00:00.004 . Memory (MB): peak = 1305.383 ; gain = 0.000
INFO: [Netlist 29-17] Analyzing 19 Unisim elements for replacement
INFO: [Netlist 29-28] Unisim Transformation completed in 0 CPU seconds
INFO: [Project 1-570] Preparing netlist for logic optimization
INFO: [Opt 31-138] Pushed 0 inverter(s) to 0 load pin(s).
Netlist sorting complete. Time (s): cpu = 00:00:00 ; elapsed = 00:00:00 . Memory (MB): peak = 1305.383 ; gain = 0.000
INFO: [Project 1-111] Unisim Transformation Summary:
No Unisim elements were transformed.

Synth Design complete, checksum: 9e11fd1f
INFO: [Common 17-83] Releasing license: Synthesis
51 Infos, 13 Warnings, 0 Critical Warnings and 0 Errors encountered.
synth_design completed successfully
synth_design: Time (s): cpu = 00:00:31 ; elapsed = 00:00:33 . Memory (MB): peak = 1305.383 ; gain = 26.770
INFO: [Common 17-1381] The checkpoint 'C:/Users/brian/Documents/SchoolPapers/Repositories/CPE133Labs/final_project/final_project.runs/synth_1/proj_top.dcp' has been generated.
INFO: [runtcl-4] Executing : report_utilization -file proj_top_utilization_synth.rpt -pb proj_top_utilization_synth.pb
INFO: [Common 17-206] Exiting Vivado at Thu Dec  8 14:00:03 2022...
