
*** Running vivado
    with args -log adder_wrapper.vds -m64 -product Vivado -mode batch -messageDb vivado.pb -notrace -source adder_wrapper.tcl


****** Vivado v2022.1 (64-bit)
  **** SW Build 3526262 on Mon Apr 18 15:47:01 MDT 2022
  **** IP Build 3524634 on Mon Apr 18 20:55:01 MDT 2022
    ** Copyright 1986-2022 Xilinx, Inc. All Rights Reserved.

source adder_wrapper.tcl -notrace
Command: read_checkpoint -auto_incremental -incremental /home/brianm/C:/Users/brian/Documents/SchoolPapers/Repositories/CPE133Labs/lab2-adder.srcs/utils_1/imports/synth_1/adder_wrapper.dcp
INFO: [Vivado 12-5825] Read reference checkpoint from /home/brianm/C:/Users/brian/Documents/SchoolPapers/Repositories/CPE133Labs/lab2-adder.srcs/utils_1/imports/synth_1/adder_wrapper.dcp for incremental synthesis
INFO: [Vivado 12-7989] Please ensure there are no constraint changes
Command: synth_design -top adder_wrapper -part xc7a35tcpg236-1
Starting synth_design
Attempting to get a license for feature 'Synthesis' and/or device 'xc7a35t'
INFO: [Common 17-349] Got license for feature 'Synthesis' and/or device 'xc7a35t'
INFO: [Device 21-403] Loading part xc7a35tcpg236-1
INFO: [Designutils 20-5440] No compile time benefit to using incremental synthesis; A full resynthesis will be run
INFO: [Designutils 20-4379] Flow is switching to default flow due to incremental criteria not met. If you would like to alter this behaviour and have the flow terminate instead, please set the following parameter config_implementation {autoIncr.Synth.RejectBehavior Terminate}
INFO: [Synth 8-7079] Multithreading enabled for synth_design using a maximum of 4 processes.
INFO: [Synth 8-7078] Launching helper process for spawning children vivado processes
INFO: [Synth 8-7075] Helper process launched with PID 75171
---------------------------------------------------------------------------------
Starting RTL Elaboration : Time (s): cpu = 00:00:04 ; elapsed = 00:00:04 . Memory (MB): peak = 2595.551 ; gain = 0.000 ; free physical = 4639 ; free virtual = 16272
---------------------------------------------------------------------------------
INFO: [Synth 8-6157] synthesizing module 'adder_wrapper' [/home/brianm/Documents/Repos/CPE133Labs/lab2-adder.srcs/sources_1/new/adder-wrapper.sv:23]
INFO: [Synth 8-6157] synthesizing module 'Adder_4bit' [/home/brianm/Documents/Repos/CPE133Labs/lab2-adder.srcs/sources_1/imports/Lab2 source/adder_4bit.sv:7]
INFO: [Synth 8-6157] synthesizing module 'Full_Adder' [/home/brianm/Documents/Repos/CPE133Labs/lab2-adder.srcs/sources_1/imports/Lab2 source/full_adder.sv:7]
INFO: [Synth 8-6157] synthesizing module 'half_adder' [/home/brianm/Documents/Repos/CPE133Labs/lab2-adder.srcs/sources_1/new/half_adder.sv:23]
INFO: [Synth 8-6155] done synthesizing module 'half_adder' (0#1) [/home/brianm/Documents/Repos/CPE133Labs/lab2-adder.srcs/sources_1/new/half_adder.sv:23]
INFO: [Synth 8-6155] done synthesizing module 'Full_Adder' (0#1) [/home/brianm/Documents/Repos/CPE133Labs/lab2-adder.srcs/sources_1/imports/Lab2 source/full_adder.sv:7]
INFO: [Synth 8-6155] done synthesizing module 'Adder_4bit' (0#1) [/home/brianm/Documents/Repos/CPE133Labs/lab2-adder.srcs/sources_1/imports/Lab2 source/adder_4bit.sv:7]
INFO: [Synth 8-6155] done synthesizing module 'adder_wrapper' (0#1) [/home/brianm/Documents/Repos/CPE133Labs/lab2-adder.srcs/sources_1/new/adder-wrapper.sv:23]
---------------------------------------------------------------------------------
Finished RTL Elaboration : Time (s): cpu = 00:00:05 ; elapsed = 00:00:05 . Memory (MB): peak = 2595.551 ; gain = 0.000 ; free physical = 4660 ; free virtual = 16294
---------------------------------------------------------------------------------
---------------------------------------------------------------------------------
Start Handling Custom Attributes
---------------------------------------------------------------------------------
---------------------------------------------------------------------------------
Finished Handling Custom Attributes : Time (s): cpu = 00:00:05 ; elapsed = 00:00:05 . Memory (MB): peak = 2595.551 ; gain = 0.000 ; free physical = 4659 ; free virtual = 16293
---------------------------------------------------------------------------------
---------------------------------------------------------------------------------
Finished RTL Optimization Phase 1 : Time (s): cpu = 00:00:05 ; elapsed = 00:00:05 . Memory (MB): peak = 2595.551 ; gain = 0.000 ; free physical = 4659 ; free virtual = 16293
---------------------------------------------------------------------------------
Netlist sorting complete. Time (s): cpu = 00:00:00 ; elapsed = 00:00:00 . Memory (MB): peak = 2595.551 ; gain = 0.000 ; free physical = 4654 ; free virtual = 16287
INFO: [Project 1-570] Preparing netlist for logic optimization

Processing XDC Constraints
Initializing timing engine
Parsing XDC File [/home/brianm/Documents/Repos/CPE133Labs/lab2-adder.srcs/constrs_1/imports/Lab2 source/Basys3_constraints.xdc]
Finished Parsing XDC File [/home/brianm/Documents/Repos/CPE133Labs/lab2-adder.srcs/constrs_1/imports/Lab2 source/Basys3_constraints.xdc]
INFO: [Project 1-236] Implementation specific constraints were found while reading constraint file [/home/brianm/Documents/Repos/CPE133Labs/lab2-adder.srcs/constrs_1/imports/Lab2 source/Basys3_constraints.xdc]. These constraints will be ignored for synthesis but will be used in implementation. Impacted constraints are listed in the file [.Xil/adder_wrapper_propImpl.xdc].
Resolution: To avoid this warning, move constraints listed in [.Xil/adder_wrapper_propImpl.xdc] to another XDC file and exclude this new file from synthesis with the used_in_synthesis property (File Properties dialog in GUI) and re-run elaboration/synthesis.
Completed Processing XDC Constraints

Netlist sorting complete. Time (s): cpu = 00:00:00 ; elapsed = 00:00:00 . Memory (MB): peak = 2659.582 ; gain = 0.000 ; free physical = 4462 ; free virtual = 16098
INFO: [Project 1-111] Unisim Transformation Summary:
No Unisim elements were transformed.

Constraint Validation Runtime : Time (s): cpu = 00:00:00 ; elapsed = 00:00:00 . Memory (MB): peak = 2659.582 ; gain = 0.000 ; free physical = 4462 ; free virtual = 16098
INFO: [Designutils 20-5440] No compile time benefit to using incremental synthesis; A full resynthesis will be run
INFO: [Designutils 20-4379] Flow is switching to default flow due to incremental criteria not met. If you would like to alter this behaviour and have the flow terminate instead, please set the following parameter config_implementation {autoIncr.Synth.RejectBehavior Terminate}
---------------------------------------------------------------------------------
Finished Constraint Validation : Time (s): cpu = 00:00:11 ; elapsed = 00:00:11 . Memory (MB): peak = 2659.582 ; gain = 64.031 ; free physical = 4601 ; free virtual = 16239
---------------------------------------------------------------------------------
---------------------------------------------------------------------------------
Start Loading Part and Timing Information
---------------------------------------------------------------------------------
Loading part: xc7a35tcpg236-1
---------------------------------------------------------------------------------
Finished Loading Part and Timing Information : Time (s): cpu = 00:00:11 ; elapsed = 00:00:11 . Memory (MB): peak = 2659.582 ; gain = 64.031 ; free physical = 4601 ; free virtual = 16239
---------------------------------------------------------------------------------
---------------------------------------------------------------------------------
Start Applying 'set_property' XDC Constraints
---------------------------------------------------------------------------------
---------------------------------------------------------------------------------
Finished applying 'set_property' XDC Constraints : Time (s): cpu = 00:00:11 ; elapsed = 00:00:11 . Memory (MB): peak = 2659.582 ; gain = 64.031 ; free physical = 4601 ; free virtual = 16239
---------------------------------------------------------------------------------
---------------------------------------------------------------------------------
Finished RTL Optimization Phase 2 : Time (s): cpu = 00:00:11 ; elapsed = 00:00:11 . Memory (MB): peak = 2659.582 ; gain = 64.031 ; free physical = 4594 ; free virtual = 16233
---------------------------------------------------------------------------------
---------------------------------------------------------------------------------
Start RTL Component Statistics 
---------------------------------------------------------------------------------
Detailed RTL Component Info : 
+---XORs : 
	   2 Input      1 Bit         XORs := 8     
---------------------------------------------------------------------------------
Finished RTL Component Statistics 
---------------------------------------------------------------------------------
---------------------------------------------------------------------------------
Start Part Resource Summary
---------------------------------------------------------------------------------
Part Resources:
DSPs: 90 (col length:60)
BRAMs: 100 (col length: RAMB18 60 RAMB36 30)
---------------------------------------------------------------------------------
Finished Part Resource Summary
---------------------------------------------------------------------------------
---------------------------------------------------------------------------------
Start Cross Boundary and Area Optimization
---------------------------------------------------------------------------------
WARNING: [Synth 8-7080] Parallel synthesis criteria is not met
---------------------------------------------------------------------------------
Finished Cross Boundary and Area Optimization : Time (s): cpu = 00:00:12 ; elapsed = 00:00:12 . Memory (MB): peak = 2659.582 ; gain = 64.031 ; free physical = 4569 ; free virtual = 16213
---------------------------------------------------------------------------------
---------------------------------------------------------------------------------
Start Applying XDC Timing Constraints
---------------------------------------------------------------------------------
---------------------------------------------------------------------------------
Finished Applying XDC Timing Constraints : Time (s): cpu = 00:00:16 ; elapsed = 00:00:17 . Memory (MB): peak = 2659.582 ; gain = 64.031 ; free physical = 4461 ; free virtual = 16105
---------------------------------------------------------------------------------
---------------------------------------------------------------------------------
Start Timing Optimization
---------------------------------------------------------------------------------
---------------------------------------------------------------------------------
Finished Timing Optimization : Time (s): cpu = 00:00:16 ; elapsed = 00:00:17 . Memory (MB): peak = 2659.582 ; gain = 64.031 ; free physical = 4461 ; free virtual = 16105
---------------------------------------------------------------------------------
---------------------------------------------------------------------------------
Start Technology Mapping
---------------------------------------------------------------------------------
---------------------------------------------------------------------------------
Finished Technology Mapping : Time (s): cpu = 00:00:16 ; elapsed = 00:00:17 . Memory (MB): peak = 2659.582 ; gain = 64.031 ; free physical = 4458 ; free virtual = 16102
---------------------------------------------------------------------------------
---------------------------------------------------------------------------------
Start IO Insertion
---------------------------------------------------------------------------------
---------------------------------------------------------------------------------
Start Flattening Before IO Insertion
---------------------------------------------------------------------------------
---------------------------------------------------------------------------------
Finished Flattening Before IO Insertion
---------------------------------------------------------------------------------
---------------------------------------------------------------------------------
Start Final Netlist Cleanup
---------------------------------------------------------------------------------
---------------------------------------------------------------------------------
Finished Final Netlist Cleanup
---------------------------------------------------------------------------------
---------------------------------------------------------------------------------
Finished IO Insertion : Time (s): cpu = 00:00:20 ; elapsed = 00:00:21 . Memory (MB): peak = 2659.582 ; gain = 64.031 ; free physical = 4456 ; free virtual = 16100
---------------------------------------------------------------------------------
---------------------------------------------------------------------------------
Start Renaming Generated Instances
---------------------------------------------------------------------------------
---------------------------------------------------------------------------------
Finished Renaming Generated Instances : Time (s): cpu = 00:00:20 ; elapsed = 00:00:21 . Memory (MB): peak = 2659.582 ; gain = 64.031 ; free physical = 4456 ; free virtual = 16100
---------------------------------------------------------------------------------
---------------------------------------------------------------------------------
Start Rebuilding User Hierarchy
---------------------------------------------------------------------------------
---------------------------------------------------------------------------------
Finished Rebuilding User Hierarchy : Time (s): cpu = 00:00:20 ; elapsed = 00:00:21 . Memory (MB): peak = 2659.582 ; gain = 64.031 ; free physical = 4456 ; free virtual = 16100
---------------------------------------------------------------------------------
---------------------------------------------------------------------------------
Start Renaming Generated Ports
---------------------------------------------------------------------------------
---------------------------------------------------------------------------------
Finished Renaming Generated Ports : Time (s): cpu = 00:00:20 ; elapsed = 00:00:21 . Memory (MB): peak = 2659.582 ; gain = 64.031 ; free physical = 4456 ; free virtual = 16100
---------------------------------------------------------------------------------
---------------------------------------------------------------------------------
Start Handling Custom Attributes
---------------------------------------------------------------------------------
---------------------------------------------------------------------------------
Finished Handling Custom Attributes : Time (s): cpu = 00:00:20 ; elapsed = 00:00:21 . Memory (MB): peak = 2659.582 ; gain = 64.031 ; free physical = 4456 ; free virtual = 16100
---------------------------------------------------------------------------------
---------------------------------------------------------------------------------
Start Renaming Generated Nets
---------------------------------------------------------------------------------
---------------------------------------------------------------------------------
Finished Renaming Generated Nets : Time (s): cpu = 00:00:20 ; elapsed = 00:00:21 . Memory (MB): peak = 2659.582 ; gain = 64.031 ; free physical = 4456 ; free virtual = 16100
---------------------------------------------------------------------------------
---------------------------------------------------------------------------------
Start Writing Synthesis Report
---------------------------------------------------------------------------------

Report BlackBoxes: 
+-+--------------+----------+
| |BlackBox name |Instances |
+-+--------------+----------+
+-+--------------+----------+

Report Cell Usage: 
+------+-----+------+
|      |Cell |Count |
+------+-----+------+
|1     |LUT3 |     1|
|2     |LUT4 |     3|
|3     |LUT5 |     1|
|4     |LUT6 |     3|
|5     |IBUF |     9|
|6     |OBUF |     5|
+------+-----+------+
---------------------------------------------------------------------------------
Finished Writing Synthesis Report : Time (s): cpu = 00:00:20 ; elapsed = 00:00:21 . Memory (MB): peak = 2659.582 ; gain = 64.031 ; free physical = 4456 ; free virtual = 16100
---------------------------------------------------------------------------------
Synthesis finished with 0 errors, 0 critical warnings and 1 warnings.
Synthesis Optimization Runtime : Time (s): cpu = 00:00:19 ; elapsed = 00:00:19 . Memory (MB): peak = 2659.582 ; gain = 0.000 ; free physical = 4511 ; free virtual = 16154
Synthesis Optimization Complete : Time (s): cpu = 00:00:20 ; elapsed = 00:00:21 . Memory (MB): peak = 2659.582 ; gain = 64.031 ; free physical = 4511 ; free virtual = 16154
INFO: [Project 1-571] Translating synthesized netlist
Netlist sorting complete. Time (s): cpu = 00:00:00 ; elapsed = 00:00:00 . Memory (MB): peak = 2659.582 ; gain = 0.000 ; free physical = 4501 ; free virtual = 16145
INFO: [Project 1-570] Preparing netlist for logic optimization
INFO: [Opt 31-138] Pushed 0 inverter(s) to 0 load pin(s).
Netlist sorting complete. Time (s): cpu = 00:00:00 ; elapsed = 00:00:00 . Memory (MB): peak = 2659.582 ; gain = 0.000 ; free physical = 4564 ; free virtual = 16207
INFO: [Project 1-111] Unisim Transformation Summary:
No Unisim elements were transformed.

Synth Design complete, checksum: e996915c
INFO: [Common 17-83] Releasing license: Synthesis
27 Infos, 1 Warnings, 0 Critical Warnings and 0 Errors encountered.
synth_design completed successfully
synth_design: Time (s): cpu = 00:00:27 ; elapsed = 00:00:24 . Memory (MB): peak = 2659.582 ; gain = 64.031 ; free physical = 4646 ; free virtual = 16289
INFO: [Common 17-1381] The checkpoint '/home/brianm/Documents/Repos/CPE133Labs/lab2-adder.runs/synth_1/adder_wrapper.dcp' has been generated.
INFO: [runtcl-4] Executing : report_utilization -file adder_wrapper_utilization_synth.rpt -pb adder_wrapper_utilization_synth.pb
INFO: [Common 17-206] Exiting Vivado at Sun Oct  9 19:24:30 2022...
